[2017-10-13 10:25:54][tc0.core.interface:1]	s1 interface|{"msg_type":2,"rtcm":"2447504747412C3130323333362E34382C323233322E343035393034302C4E2C31313335362E383438373832302C452C312C30302C312E302C3130342E3039372C4D2C2D332E3432302C4D2C302E302C2A3544","ext_head":{"user_id":112233,"mount_point":"\/mp1","user_name":"user1"},"tick":4916802392.0752,"bind_id":"AB1E4EF0922E01358D9106B79B4F5F54"}
[2017-10-13 10:25:59][tc0.core.interface:1]	s1 interface|{"msg_type":2,"rtcm":"2447504747412C3130323334312E34392C323233322E343035393034302C4E2C31313335362E383438373832302C452C312C30302C312E302C3130342E3039372C4D2C2D332E3432302C4D2C302E302C2A3543","ext_head":{"user_id":112233,"mount_point":"\/mp1","user_name":"user1"},"tick":4916807396.5694,"bind_id":"AB1E4EF0922E01358D9106B79B4F5F54"}
[2017-10-13 10:26:00][tc0.core.master:1]	cron table tick at	1710131026
[2017-10-13 10:26:00][tc0.core.mysql:1]	cron table tick at	1710131026
[2017-10-13 10:26:00][tc0.core.interface:1]	cron table tick at	1710131026
[2017-10-13 10:26:02][tc0:starter]	ping quit stage 1.	1
[2017-10-13 10:26:02][tc0:starter]	notify	{ cmd = "gracequit" }
[2017-10-13 10:26:02][tc0.core.master:1]	ctrl_accept [#0]: { cmd = "gracequit" }
[2017-10-13 10:26:02][tc0.core.master:1]	ping quit stage 1.	1
[2017-10-13 10:26:02][tc0.core.master:1]	notify	{ cmd = "gracequit" }
[2017-10-13 10:26:02][tc0.core.master:1]	ctrl_reply [#0]: "NIL"
[2017-10-13 10:26:02][tc0.core.interface:1]	ctrl_accept [#0]: { cmd = "gracequit" }
[2017-10-13 10:26:02][tc0.core.interface:1]	cell quit because receive grace quit control message.
[2017-10-13 10:26:02][tc0.core.master:1]	[tc0.core.interface:1] gracefully quit!
[2017-10-13 10:26:02][tc0:starter]	ping quit stage 1.	2
[2017-10-13 10:26:02][tc0:starter]	notify	{ cmd = "gracequit" }
[2017-10-13 10:26:02][tc0.core.master:1]	ping quit stage 1.	2
[2017-10-13 10:26:02][tc0.core.master:1]	ping quit stage 2.	1
[2017-10-13 10:26:02][tc0.core.master:1]	notify	{ cmd = "gracequit" }
[2017-10-13 10:26:02][tc0.core.master:1]	ctrl_accept [#0]: { cmd = "gracequit" }
[2017-10-13 10:26:02][tc0.core.master:1]	ctrl_reply [#0]: "NIL"
[2017-10-13 10:26:02][tc0.core.mysql:1]	ctrl_accept [#0]: { cmd = "gracequit" }
[2017-10-13 10:26:02][tc0.core.mysql:1]	cell quit because receive grace quit control message.
[2017-10-13 10:26:02][tc0.core.master:1]	[tc0.core.mysql:1] gracefully quit!
[2017-10-13 10:26:02][tc0.core.master:1]	ping quit stage 2.	2
[2017-10-13 10:26:02][tc0.core.master:1]	normal exit while all children quit.
[2017-10-13 10:26:02][tc0:starter]	ping quit stage 1.	3
[2017-10-13 10:26:02][tc0:starter]	notify	{ cmd = "gracequit" }
[2017-10-13 10:26:02][tc0:starter]	[tc0.core.master:1] gracefully quit!
[2017-10-13 10:26:02][tc0:starter]	ping quit stage 1.	4
[2017-10-13 10:26:02][tc0:starter]	ping quit stage 2.	1
[2017-10-13 10:26:02][tc0:starter]	normal exit while all children quit.
[2017-10-13 10:26:03][STARTER]	start use config file:	config.lua
[2017-10-13 10:26:03][tc0:starter]	select etcd node:	http://127.0.0.1:2379
[2017-10-13 10:26:03][tc0:starter]	[CellMaster] listen at [127.0.0.1:19200]
[2017-10-13 10:26:03][tc0:starter]	starting [tc0.core.master:1]!
[2017-10-13 10:26:03][tc0:starter]	start service [tc0.core.master@5968]
[2017-10-13 10:26:03][tc0:starter]	[HttpConsole] listen at [0.0.0.0:19201]
[2017-10-13 10:26:03][tc0.core.master:1]	select etcd node:	http://127.0.0.1:2379
[2017-10-13 10:26:03][tc0.core.master:1]	[VrsSvrCoreMaster] listen at [0.0.0.0:8101]
[2017-10-13 10:26:03][tc0.core.master:1]	starting [tc0.core.mysql:1]!
[2017-10-13 10:26:03][tc0.core.master:1]	start module [tc0.core.mysql@5965]
[2017-10-13 10:26:03][tc0.core.master:1]	starting [tc0.core.interface:1]!
[2017-10-13 10:26:03][tc0.core.master:1]	start module [tc0.core.interface@5966]
[2017-10-13 10:26:03][tc0.core.mysql:1]	mysql connect	127.0.0.1	3306
[2017-10-13 10:26:03][tc0.core.mysql:1]	select etcd node:	http://127.0.0.1:2379
[2017-10-13 10:26:03][tc0.core.mysql:1]	listen at port [52938]
[2017-10-13 10:26:03][tc0.core.interface:1]	select etcd node:	http://127.0.0.1:2379
[2017-10-13 10:26:03][tc0.core.interface:1]	listen at port [44449]
[2017-10-13 10:26:03][tc0.core.interface:1]	mysql connect	127.0.0.1	3306
[2017-10-13 10:26:03][tc0.core.interface:1]	add global variable: mysql_
[2017-10-13 10:26:03][tc0.core.master:1]	json decode error:	initLog .0CM2::IStationPositionListener::onChange	Expected value but found invalid token at character 1
stack traceback:
	[C]: in function 'cjson.decode'
	[C]: in function 'xpcall'
	./framework/base/schedule.lua:83: in field 'pcall'
	./framework/base/stream.lua:121: in function <./framework/base/stream.lua:116>
	(...tail calls...)
	./framework/base/session.lua:92: in function <./framework/base/session.lua:89>
[2017-10-13 10:26:03][tc0.core.interface:1]	add global variable: vrs_station_update
[2017-10-13 10:26:03][tc0.core.interface:1]	add global variable: vrs_station_insert
[2017-10-13 10:26:03][tc0.core.interface:1]	add global variable: vrs_station_get
[2017-10-13 10:26:03][tc0.core.interface:1]	add global variable: vrs_station_getall
[2017-10-13 10:26:03][tc0.core.interface:1]	add global variable: vrs_edge_add
[2017-10-13 10:26:03][tc0.core.interface:1]	add global variable: vrs_qianxun_query
[2017-10-13 10:26:03][tc0.core.interface:1]	add global variable: vrs_qianxun_query_stop
[2017-10-13 10:26:03][tc0.core.interface:1]	add global variable: vrs_sat_set
[2017-10-13 10:26:03][tc0.core.interface:1]	add global variable: vrs_sat_get
[2017-10-13 10:26:04][tc0.core.interface:1]	s1 interface|{"tick":4916812404.2437,"msg_type":2,"rtcm":"2447504747412C3130323334362E34392C323233322E343035393034302C4E2C31313335362E383438373832302C452C312C30302C312E302C3130342E3039372C4D2C2D332E3432302C4D2C302E302C2A3542","ext_head":{"user_name":"user1","mount_point":"\/mp1","user_id":112233},"bind_id":"AB1E4EF0922E01358D9106B79B4F5F54"}
[2017-10-13 10:26:09][tc0.core.interface:1]	s1 interface|{"tick":4916817409.0964,"msg_type":2,"rtcm":"2447504747412C3130323335312E35302C323233322E343035393034302C4E2C31313335362E383438373832302C452C312C30302C312E302C3130342E3039372C4D2C2D332E3432302C4D2C302E302C2A3535","ext_head":{"user_name":"user1","mount_point":"\/mp1","user_id":112233},"bind_id":"AB1E4EF0922E01358D9106B79B4F5F54"}
[2017-10-13 10:26:14][tc0.core.interface:1]	s1 interface|{"tick":4916822410.0292,"msg_type":2,"rtcm":"2447504747412C3130323335362E35302C323233322E343035393034302C4E2C31313335362E383438373832302C452C312C30302C312E302C3130342E3039372C4D2C2D332E3432302C4D2C302E302C2A3532","ext_head":{"user_name":"user1","mount_point":"\/mp1","user_id":112233},"bind_id":"AB1E4EF0922E01358D9106B79B4F5F54"}
[2017-10-13 10:26:19][tc0.core.interface:1]	s1 interface|{"tick":4916827417.9395,"msg_type":2,"rtcm":"2447504747412C3130323430312E35312C323233322E343035393034302C4E2C31313335362E383438373832302C452C312C30302C312E302C3130342E3039372C4D2C2D332E3432302C4D2C302E302C2A3536","ext_head":{"user_name":"user1","mount_point":"\/mp1","user_id":112233},"bind_id":"AB1E4EF0922E01358D9106B79B4F5F54"}
[2017-10-13 10:26:24][tc0.core.interface:1]	s1 interface|{"tick":4916832424.3008,"msg_type":2,"rtcm":"2447504747412C3130323430362E35312C323233322E343035393034302C4E2C31313335362E383438373832302C452C312C30302C312E302C3130342E3039372C4D2C2D332E3432302C4D2C302E302C2A3531","ext_head":{"user_name":"user1","mount_point":"\/mp1","user_id":112233},"bind_id":"AB1E4EF0922E01358D9106B79B4F5F54"}
[2017-10-13 10:26:29][tc0.core.interface:1]	s1 interface|{"tick":4916837425.2519,"msg_type":2,"rtcm":"2447504747412C3130323431312E35312C323233322E343035393034302C4E2C31313335362E383438373832302C452C312C30302C312E302C3130342E3039372C4D2C2D332E3432302C4D2C302E302C2A3537","ext_head":{"user_name":"user1","mount_point":"\/mp1","user_id":112233},"bind_id":"AB1E4EF0922E01358D9106B79B4F5F54"}
[2017-10-13 10:26:34][tc0.core.interface:1]	s1 interface|{"tick":4916842433.0127,"msg_type":2,"rtcm":"2447504747412C3130323431362E35322C323233322E343035393034302C4E2C31313335362E383438373832302C452C312C30302C312E302C3130342E3039372C4D2C2D332E3432302C4D2C302E302C2A3533","ext_head":{"user_name":"user1","mount_point":"\/mp1","user_id":112233},"bind_id":"AB1E4EF0922E01358D9106B79B4F5F54"}
[2017-10-13 10:26:39][tc0.core.interface:1]	s1 interface|{"tick":4916847442.6831,"msg_type":2,"rtcm":"2447504747412C3130323432312E35332C323233322E343035393034302C4E2C31313335362E383438373832302C452C312C30302C312E302C3130342E3039372C4D2C2D332E3432302C4D2C302E302C2A3536","ext_head":{"user_name":"user1","mount_point":"\/mp1","user_id":112233},"bind_id":"AB1E4EF0922E01358D9106B79B4F5F54"}
[2017-10-13 10:26:44][tc0.core.interface:1]	s1 interface|{"tick":4916852443.7189,"msg_type":2,"rtcm":"2447504747412C3130323432362E35332C323233322E343035393034302C4E2C31313335362E383438373832302C452C312C30302C312E302C3130342E3039372C4D2C2D332E3432302C4D2C302E302C2A3531","ext_head":{"user_name":"user1","mount_point":"\/mp1","user_id":112233},"bind_id":"AB1E4EF0922E01358D9106B79B4F5F54"}
[2017-10-13 10:26:49][tc0.core.interface:1]	s1 interface|{"tick":4916857443.4774,"msg_type":2,"rtcm":"2447504747412C3130323433312E35332C323233322E343035393034302C4E2C31313335362E383438373832302C452C312C30302C312E302C3130342E3039372C4D2C2D332E3432302C4D2C302E302C2A3537","ext_head":{"user_name":"user1","mount_point":"\/mp1","user_id":112233},"bind_id":"AB1E4EF0922E01358D9106B79B4F5F54"}
[2017-10-13 10:26:55][tc0.core.interface:1]	s1 interface|{"tick":4916862950.5904,"msg_type":2,"rtcm":"2447504747412C3130323433362E35342C323233322E343035393034302C4E2C31313335362E383438373832302C452C312C30302C312E302C3130342E3039372C4D2C2D332E3432302C4D2C302E302C2A3537","ext_head":{"user_name":"user1","mount_point":"\/mp1","user_id":112233},"bind_id":"AB1E4EF0922E01358D9106B79B4F5F54"}
[2017-10-13 10:27:00][tc0.core.master:1]	cron table tick at	1710131027
[2017-10-13 10:27:00][tc0.core.mysql:1]	cron table tick at	1710131027
[2017-10-13 10:27:00][tc0.core.interface:1]	cron table tick at	1710131027
[2017-10-13 10:27:02][tc0.core.interface:1]	s1 interface|{"tick":4916870753.4819,"msg_type":2,"rtcm":"2447504747412C3130323434312E35342C323233322E343035393034302C4E2C31313335362E383438373832302C452C312C30302C312E302C3130342E3039372C4D2C2D332E3432302C4D2C302E302C2A3537","ext_head":{"user_name":"user1","mount_point":"\/mp1","user_id":112233},"bind_id":"AB1E4EF0922E01358D9106B79B4F5F54"}
[2017-10-13 10:27:04][tc0.core.interface:1]	s1 interface|{"tick":4916872459.3737,"msg_type":2,"rtcm":"2447504747412C3130323434362E35352C323233322E343035393034302C4E2C31313335362E383438373832302C452C312C30302C312E302C3130342E3039372C4D2C2D332E3432302C4D2C302E302C2A3531","ext_head":{"user_name":"user1","mount_point":"\/mp1","user_id":112233},"bind_id":"AB1E4EF0922E01358D9106B79B4F5F54"}
[2017-10-13 10:27:09][tc0.core.interface:1]	s1 interface|{"tick":4916877466.3002,"msg_type":2,"rtcm":"2447504747412C3130323435312E35362C323233322E343035393034302C4E2C31313335362E383438373832302C452C312C30302C312E302C3130342E3039372C4D2C2D332E3432302C4D2C302E302C2A3534","ext_head":{"user_name":"user1","mount_point":"\/mp1","user_id":112233},"bind_id":"AB1E4EF0922E01358D9106B79B4F5F54"}
[2017-10-13 10:27:14][tc0.core.interface:1]	s1 interface|{"tick":4916882468.3697,"msg_type":2,"rtcm":"2447504747412C3130323435362E35362C323233322E343035393034302C4E2C31313335362E383438373832302C452C312C30302C312E302C3130342E3039372C4D2C2D332E3432302C4D2C302E302C2A3533","ext_head":{"user_name":"user1","mount_point":"\/mp1","user_id":112233},"bind_id":"AB1E4EF0922E01358D9106B79B4F5F54"}
[2017-10-13 10:27:19][tc0.core.interface:1]	s1 interface|{"tick":4916887470.2998,"msg_type":2,"rtcm":"2447504747412C3130323530312E35362C323233322E343035393034302C4E2C31313335362E383438373832302C452C312C30302C312E302C3130342E3039372C4D2C2D332E3432302C4D2C302E302C2A3530","ext_head":{"user_name":"user1","mount_point":"\/mp1","user_id":112233},"bind_id":"AB1E4EF0922E01358D9106B79B4F5F54"}
[2017-10-13 10:27:24][tc0.core.interface:1]	s1 interface|{"tick":4916892474.0019,"msg_type":2,"rtcm":"2447504747412C3130323530362E35362C323233322E343035393034302C4E2C31313335362E383438373832302C452C312C30302C312E302C3130342E3039372C4D2C2D332E3432302C4D2C302E302C2A3537","ext_head":{"user_name":"user1","mount_point":"\/mp1","user_id":112233},"bind_id":"AB1E4EF0922E01358D9106B79B4F5F54"}
[2017-10-13 10:27:29][tc0.core.interface:1]	s1 interface|{"tick":4916897478.1382,"msg_type":2,"rtcm":"2447504747412C3130323531312E35372C323233322E343035393034302C4E2C31313335362E383438373832302C452C312C30302C312E302C3130342E3039372C4D2C2D332E3432302C4D2C302E302C2A3530","ext_head":{"user_name":"user1","mount_point":"\/mp1","user_id":112233},"bind_id":"AB1E4EF0922E01358D9106B79B4F5F54"}
[2017-10-13 10:27:34][tc0.core.interface:1]	s1 interface|{"tick":4916902483.7386,"msg_type":2,"rtcm":"2447504747412C3130323531362E35372C323233322E343035393034302C4E2C31313335362E383438373832302C452C312C30302C312E302C3130342E3039372C4D2C2D332E3432302C4D2C302E302C2A3537","ext_head":{"user_name":"user1","mount_point":"\/mp1","user_id":112233},"bind_id":"AB1E4EF0922E01358D9106B79B4F5F54"}
[2017-10-13 10:27:39][tc0.core.interface:1]	s1 interface|{"tick":4916907484.3761,"msg_type":2,"rtcm":"2447504747412C3130323532312E35372C323233322E343035393034302C4E2C31313335362E383438373832302C452C312C30302C312E302C3130342E3039372C4D2C2D332E3432302C4D2C302E302C2A3533","ext_head":{"user_name":"user1","mount_point":"\/mp1","user_id":112233},"bind_id":"AB1E4EF0922E01358D9106B79B4F5F54"}
[2017-10-13 10:27:44][tc0.core.interface:1]	s1 interface|{"tick":4916912489.3459,"msg_type":2,"rtcm":"2447504747412C3130323532362E35382C323233322E343035393034302C4E2C31313335362E383438373832302C452C312C30302C312E302C3130342E3039372C4D2C2D332E3432302C4D2C302E302C2A3542","ext_head":{"user_name":"user1","mount_point":"\/mp1","user_id":112233},"bind_id":"AB1E4EF0922E01358D9106B79B4F5F54"}
[2017-10-13 10:27:49][tc0.core.interface:1]	s1 interface|{"tick":4916917488.8607,"msg_type":2,"rtcm":"2447504747412C3130323533312E35382C323233322E343035393034302C4E2C31313335362E383438373832302C452C312C30302C312E302C3130342E3039372C4D2C2D332E3432302C4D2C302E302C2A3544","ext_head":{"user_name":"user1","mount_point":"\/mp1","user_id":112233},"bind_id":"AB1E4EF0922E01358D9106B79B4F5F54"}
[2017-10-13 10:27:54][tc0.core.interface:1]	s1 interface|{"tick":4916922489.8808,"msg_type":2,"rtcm":"2447504747412C3130323533362E35382C323233322E343035393034302C4E2C31313335362E383438373832302C452C312C30302C312E302C3130342E3039372C4D2C2D332E3432302C4D2C302E302C2A3541","ext_head":{"user_name":"user1","mount_point":"\/mp1","user_id":112233},"bind_id":"AB1E4EF0922E01358D9106B79B4F5F54"}
[2017-10-13 10:27:59][tc0.core.interface:1]	s1 interface|{"tick":4916927499.7631,"msg_type":2,"rtcm":"2447504747412C3130323534312E35392C323233322E343035393034302C4E2C31313335362E383438373832302C452C312C30302C312E302C3130342E3039372C4D2C2D332E3432302C4D2C302E302C2A3542","ext_head":{"user_name":"user1","mount_point":"\/mp1","user_id":112233},"bind_id":"AB1E4EF0922E01358D9106B79B4F5F54"}
[2017-10-13 10:28:00][tc0.core.master:1]	cron table tick at	1710131028
[2017-10-13 10:28:00][tc0.core.mysql:1]	cron table tick at	1710131028
[2017-10-13 10:28:00][tc0.core.interface:1]	cron table tick at	1710131028
[2017-10-13 10:28:05][tc0.core.interface:1]	s1 interface|{"tick":4916933002.5428,"msg_type":2,"rtcm":"2447504747412C3130323534362E35392C323233322E343035393034302C4E2C31313335362E383438373832302C452C312C30302C312E302C3130342E3039372C4D2C2D332E3432302C4D2C302E302C2A3543","ext_head":{"user_name":"user1","mount_point":"\/mp1","user_id":112233},"bind_id":"AB1E4EF0922E01358D9106B79B4F5F54"}
[2017-10-13 10:28:09][tc0.core.interface:1]	s1 interface|{"tick":4916937505.3036,"msg_type":2,"rtcm":"2447504747412C3130323535312E35392C323233322E343035393034302C4E2C31313335362E383438373832302C452C312C30302C312E302C3130342E3039372C4D2C2D332E3432302C4D2C302E302C2A3541","ext_head":{"user_name":"user1","mount_point":"\/mp1","user_id":112233},"bind_id":"AB1E4EF0922E01358D9106B79B4F5F54"}
[2017-10-13 10:28:15][tc0.core.interface:1]	s1 interface|{"tick":4916943021.532,"msg_type":2,"rtcm":"2447504747412C3130323535362E36302C323233322E343035393034302C4E2C31313335362E383438373832302C452C312C30302C312E302C3130342E3039372C4D2C2D332E3432302C4D2C302E302C2A3537","ext_head":{"user_name":"user1","mount_point":"\/mp1","user_id":112233},"bind_id":"AB1E4EF0922E01358D9106B79B4F5F54"}
[2017-10-13 10:28:19][tc0.core.interface:1]	s1 interface|{"tick":4916947518.4943,"msg_type":2,"rtcm":"2447504747412C3130323630312E36312C323233322E343035393034302C4E2C31313335362E383438373832302C452C312C30302C312E302C3130342E3039372C4D2C2D332E3432302C4D2C302E302C2A3537","ext_head":{"user_name":"user1","mount_point":"\/mp1","user_id":112233},"bind_id":"AB1E4EF0922E01358D9106B79B4F5F54"}
